<?xml version="1.0" encoding="UTF-8"?>
<!-- Generated by org.testng.reporters.JUnitReportReporter -->
<testsuite skipped="0" hostname="Mohammeds-MBP.cable.rcn.com" name="ups.nj.myrunner.LoginRunner" tests="1" failures="0" timestamp="20 Mar 2021 23:49:05 GMT" time="16.172" errors="0">
  <testcase name="feature" time="16.172" classname="ups.nj.myrunner.LoginRunner"/>
</testsuite> <!-- ups.nj.myrunner.LoginRunner -->
